<?xml version="1.0" encoding="UTF-8"?>
<!-- Generated by org.testng.reporters.JUnitReportReporter -->
<testsuite hostname="IN-PGJADHAV" failures="0" tests="1" name="day2.DiffWaysToCreatePostRequestBody" time="4.522" errors="0" timestamp="2024-02-14T14:05:26 IST" skipped="0">
  <testcase classname="day2.DiffWaysToCreatePostRequestBody" name="testPostUsingHashMap" time="4.522"/>
</testsuite> <!-- day2.DiffWaysToCreatePostRequestBody -->
