<?xml version="1.0" encoding="UTF-8"?>
<!-- Generated by org.testng.reporters.JUnitReportReporter -->
<testsuite hostname="IN-PGJADHAV" failures="0" tests="4" name="day1.HTTPRequests" time="6.643" errors="0" timestamp="2024-02-12T16:27:43 IST" skipped="0">
  <testcase classname="day1.HTTPRequests" name="getUsers" time="2.842"/>
  <testcase classname="day1.HTTPRequests" name="createUser" time="1.550"/>
  <testcase classname="day1.HTTPRequests" name="updateUser" time="1.130"/>
  <testcase classname="day1.HTTPRequests" name="deleteUser" time="1.121"/>
</testsuite> <!-- day1.HTTPRequests -->
