<?xml version="1.0" encoding="UTF-8"?>
<!-- Generated by org.testng.reporters.JUnitReportReporter -->
<testsuite hostname="IN-PGJADHAV" failures="0" tests="1" name="day2.CreatePostRequestBody_JSON_Object" time="2.347" errors="0" timestamp="2024-02-16T15:36:08 IST" skipped="0">
  <testcase classname="day2.CreatePostRequestBody_JSON_Object" name="method" time="2.347"/>
</testsuite> <!-- day2.CreatePostRequestBody_JSON_Object -->
