<?xml version="1.0" encoding="UTF-8"?>
<!-- Generated by org.testng.reporters.JUnitReportReporter -->
<testsuite hostname="IN-PGJADHAV" failures="0" tests="3" name="TestNG.FirstTestNG_Test" time="0.005" errors="0" timestamp="2023-08-03T16:30:56 IST" skipped="0">
  <testcase classname="TestNG.FirstTestNG_Test" name="setup_Browser" time="0.001"/>
  <testcase classname="TestNG.FirstTestNG_Test" name="Login" time="0.002"/>
  <testcase classname="TestNG.FirstTestNG_Test" name="close_Browser" time="0.002"/>
</testsuite> <!-- TestNG.FirstTestNG_Test -->
