<?xml version="1.0" encoding="UTF-8"?>
<!-- Generated by org.testng.reporters.JUnitReportReporter -->
<testsuite hostname="IN-PGJADHAV" failures="0" tests="2" name="TestNG_Annotations.Car_Loan" time="0.002" errors="0" timestamp="2023-08-03T16:33:18 IST" skipped="0">
  <testcase classname="TestNG_Annotations.Car_Loan" name="car_loan_1" time="0.001"/>
  <testcase classname="TestNG_Annotations.Car_Loan" name="car_loan_2" time="0.001"/>
</testsuite> <!-- TestNG_Annotations.Car_Loan -->
