<?xml version="1.0" encoding="UTF-8"?>
<!-- Generated by org.testng.reporters.JUnitReportReporter -->
<testsuite hostname="IN-PGJADHAV" failures="0" tests="3" name="TestNG.Priority" time="0.004" errors="0" timestamp="2023-08-03T16:30:56 IST" skipped="0">
  <testcase classname="TestNG.Priority" name="Setup_Browser" time="0.002"/>
  <testcase classname="TestNG.Priority" name="Login" time="0.001"/>
  <testcase classname="TestNG.Priority" name="Close_Browser" time="0.001"/>
</testsuite> <!-- TestNG.Priority -->
