<?xml version="1.0" encoding="UTF-8"?>
<!-- Generated by org.testng.reporters.JUnitReportReporter -->
<testsuite hostname="IN-PGJADHAV" failures="0" tests="3" name="TestNG.first_Test" time="0.011" errors="0" timestamp="2023-08-03T16:13:31 IST" skipped="0">
  <testcase classname="TestNG.first_Test" name="Login" time="0.001"/>
  <testcase classname="TestNG.first_Test" name="Setup_Browser" time="0.001"/>
  <testcase classname="TestNG.first_Test" name="Close_Browser" time="0.009"/>
</testsuite> <!-- TestNG.first_Test -->
